2025-11-19 15:58:02,997 INFO o.a.j.u.JMeterUtils: Setting Locale to en_EN
2025-11-19 15:58:03,029 INFO o.a.j.JMeter: Loading user properties from: D:\Users\Nataliaado\Downloads\apache-jmeter-5.6.3\bin\user.properties
2025-11-19 15:58:03,046 INFO o.a.j.JMeter: Loading system properties from: D:\Users\Nataliaado\Downloads\apache-jmeter-5.6.3\bin\system.properties
2025-11-19 15:58:03,063 INFO o.a.j.JMeter: Copyright (c) 1998-2024 The Apache Software Foundation
2025-11-19 15:58:03,063 INFO o.a.j.JMeter: Version 5.6.3
2025-11-19 15:58:03,063 INFO o.a.j.JMeter: java.version=1.8.0_202
2025-11-19 15:58:03,063 INFO o.a.j.JMeter: java.vm.name=Java HotSpot(TM) 64-Bit Server VM
2025-11-19 15:58:03,063 INFO o.a.j.JMeter: os.name=Windows 10
2025-11-19 15:58:03,078 INFO o.a.j.JMeter: os.arch=amd64
2025-11-19 15:58:03,078 INFO o.a.j.JMeter: os.version=10.0
2025-11-19 15:58:03,079 INFO o.a.j.JMeter: file.encoding=Cp1252
2025-11-19 15:58:03,079 INFO o.a.j.JMeter: java.awt.headless=true
2025-11-19 15:58:03,079 INFO o.a.j.JMeter: Max memory     =1073741824
2025-11-19 15:58:03,079 INFO o.a.j.JMeter: Available Processors =4
2025-11-19 15:58:03,096 INFO o.a.j.JMeter: Default Locale=English (EN)
2025-11-19 15:58:03,096 INFO o.a.j.JMeter: JMeter  Locale=English (EN)
2025-11-19 15:58:03,096 INFO o.a.j.JMeter: JMeterHome=D:\Users\Nataliaado\Downloads\apache-jmeter-5.6.3
2025-11-19 15:58:03,096 INFO o.a.j.JMeter: user.dir  =D:\Users\Nataliaado\Documents\projetos-automacao\ppp-turma2
2025-11-19 15:58:03,096 INFO o.a.j.JMeter: PWD       =D:\Users\Nataliaado\Documents\projetos-automacao\ppp-turma2
2025-11-19 15:58:03,096 INFO o.a.j.JMeter: IP: 192.168.0.128 Name: DESKTOP-PD8C9RP FullName: DESKTOP-PD8C9RP
2025-11-19 15:58:03,113 INFO o.a.j.s.FileServer: Default base='D:\Users\Nataliaado\Documents\projetos-automacao\ppp-turma2'
2025-11-19 15:58:03,132 INFO o.a.j.s.FileServer: Set new base='D:\Users\Nataliaado\Documents\projetos-automacao\ppp-turma2\tests\jmeter'
2025-11-19 15:58:03,413 INFO o.a.j.s.SaveService: Testplan (JMX) version: 2.2. Testlog (JTL) version: 2.2
2025-11-19 15:58:03,650 INFO o.a.j.s.SaveService: Using SaveService properties file encoding UTF-8
2025-11-19 15:58:03,650 INFO o.a.j.s.SaveService: Using SaveService properties version 5.0
2025-11-19 15:58:03,665 INFO o.a.j.s.SaveService: Loading file: tests\jmeter\Teste de Performance de Fluxo de Instrutores.jmx
2025-11-19 15:58:03,859 INFO o.a.j.p.h.s.HTTPSamplerBase: Parser for text/html is org.apache.jmeter.protocol.http.parser.LagartoBasedHtmlParser
2025-11-19 15:58:03,859 INFO o.a.j.p.h.s.HTTPSamplerBase: Parser for application/xhtml+xml is org.apache.jmeter.protocol.http.parser.LagartoBasedHtmlParser
2025-11-19 15:58:03,859 INFO o.a.j.p.h.s.HTTPSamplerBase: Parser for application/xml is org.apache.jmeter.protocol.http.parser.LagartoBasedHtmlParser
2025-11-19 15:58:03,859 INFO o.a.j.p.h.s.HTTPSamplerBase: Parser for text/xml is org.apache.jmeter.protocol.http.parser.LagartoBasedHtmlParser
2025-11-19 15:58:03,859 INFO o.a.j.p.h.s.HTTPSamplerBase: Parser for text/vnd.wap.wml is org.apache.jmeter.protocol.http.parser.RegexpHTMLParser
2025-11-19 15:58:03,859 INFO o.a.j.p.h.s.HTTPSamplerBase: Parser for text/css is org.apache.jmeter.protocol.http.parser.CssParser
2025-11-19 15:58:04,557 INFO o.a.j.JMeter: Creating summariser <summary>
2025-11-19 15:58:04,574 INFO o.a.j.e.StandardJMeterEngine: Running the test!
2025-11-19 15:58:04,577 INFO o.a.j.s.SampleEvent: List of sample_variables: []
2025-11-19 15:58:04,577 INFO o.a.j.s.SampleEvent: List of sample_variables: []
2025-11-19 15:58:04,579 INFO o.a.j.e.u.CompoundVariable: Note: Function class names must contain the string: '.functions.'
2025-11-19 15:58:04,579 INFO o.a.j.e.u.CompoundVariable: Note: Function class names must not contain the string: '.gui.'
2025-11-19 15:58:05,434 INFO o.a.j.r.ClassFinder: Will scan jar D:\Users\Nataliaado\Downloads\apache-jmeter-5.6.3\lib\ext\jmeter-plugins-graphs-basic-2.0.jar with filter ExtendsClassFilter [parents=[interface org.apache.jmeter.functions.Function], inner=false, contains=null, notContains=null]. Consider exposing JMeter plugins via META-INF/services, and add JMeter-Skip-Class-Scanning=true manifest attribute so JMeter can skip classfile scanning
2025-11-19 15:58:05,434 INFO o.a.j.r.ClassFinder: Will scan jar D:\Users\Nataliaado\Downloads\apache-jmeter-5.6.3\lib\ext\jmeter-plugins-graphs-composite-2.0.jar with filter ExtendsClassFilter [parents=[interface org.apache.jmeter.functions.Function], inner=false, contains=null, notContains=null]. Consider exposing JMeter plugins via META-INF/services, and add JMeter-Skip-Class-Scanning=true manifest attribute so JMeter can skip classfile scanning
2025-11-19 15:58:05,450 INFO o.a.j.r.ClassFinder: Will scan jar D:\Users\Nataliaado\Downloads\apache-jmeter-5.6.3\lib\ext\jmeter-plugins-manager-1.11.jar with filter ExtendsClassFilter [parents=[interface org.apache.jmeter.functions.Function], inner=false, contains=null, notContains=null]. Consider exposing JMeter plugins via META-INF/services, and add JMeter-Skip-Class-Scanning=true manifest attribute so JMeter can skip classfile scanning
2025-11-19 15:58:05,798 INFO o.a.j.JMeter: Running test (1763575085798)
2025-11-19 15:58:05,845 INFO o.a.j.e.StandardJMeterEngine: Starting ThreadGroup: 1 : Registrando Usuários como estudantes
2025-11-19 15:58:05,845 INFO o.a.j.e.StandardJMeterEngine: Starting 50 threads for group Registrando Usuários como estudantes.
2025-11-19 15:58:05,845 INFO o.a.j.e.StandardJMeterEngine: Thread will continue on error
2025-11-19 15:58:05,845 INFO o.a.j.t.ThreadGroup: Starting thread group... number=1 threads=50 ramp-up=1 delayedStart=false
2025-11-19 15:58:05,907 INFO o.a.j.t.ThreadGroup: Started thread group number 1
2025-11-19 15:58:05,907 INFO o.a.j.e.StandardJMeterEngine: All thread groups have been started
2025-11-19 15:58:06,133 INFO o.a.j.t.JMeterThread: Thread started: Registrando Usuários como estudantes 1-1
2025-11-19 15:58:06,136 INFO o.a.j.s.FileServer: Stored: D:/Users/Nataliaado/Documents/projetos-automacao/ppp-turma2/tests/jmeter/test-data/students.csv Alias: D:/Users/Nataliaado/Documents/projetos-automacao/ppp-turma2/tests/jmeter/test-data/students.csv@1278839936
2025-11-19 15:58:06,138 INFO o.a.j.t.JMeterThread: Thread started: Registrando Usuários como estudantes 1-2
2025-11-19 15:58:06,151 INFO o.a.j.t.JMeterThread: Thread started: Registrando Usuários como estudantes 1-3
2025-11-19 15:58:06,167 INFO o.a.j.t.JMeterThread: Thread started: Registrando Usuários como estudantes 1-4
2025-11-19 15:58:06,183 INFO o.a.j.p.h.s.HTTPHCAbstractImpl: Local host = DESKTOP-PD8C9RP
2025-11-19 15:58:06,188 INFO o.a.j.t.JMeterThread: Thread started: Registrando Usuários como estudantes 1-5
2025-11-19 15:58:06,191 INFO o.a.j.p.h.s.HTTPHC4Impl: HTTP request retry count = 0
2025-11-19 15:58:06,193 INFO o.a.j.s.SampleResult: Note: Sample TimeStamps are START times
2025-11-19 15:58:06,193 INFO o.a.j.s.SampleResult: sampleresult.default.encoding is set to UTF-8
2025-11-19 15:58:06,193 INFO o.a.j.s.SampleResult: sampleresult.useNanoTime=true
2025-11-19 15:58:06,193 INFO o.a.j.s.SampleResult: sampleresult.nanoThreadSleep=5000
2025-11-19 15:58:06,215 INFO o.a.j.t.JMeterThread: Thread started: Registrando Usuários como estudantes 1-6
2025-11-19 15:58:06,232 INFO o.a.j.t.JMeterThread: Thread started: Registrando Usuários como estudantes 1-7
2025-11-19 15:58:06,253 INFO o.a.j.t.JMeterThread: Thread started: Registrando Usuários como estudantes 1-8
2025-11-19 15:58:06,277 INFO o.a.j.t.JMeterThread: Thread started: Registrando Usuários como estudantes 1-9
2025-11-19 15:58:06,293 INFO o.a.j.t.JMeterThread: Thread started: Registrando Usuários como estudantes 1-10
2025-11-19 15:58:06,313 INFO o.a.j.t.JMeterThread: Thread started: Registrando Usuários como estudantes 1-11
2025-11-19 15:58:06,321 INFO o.a.j.t.JMeterThread: Thread started: Registrando Usuários como estudantes 1-12
2025-11-19 15:58:06,332 INFO o.a.j.t.JMeterThread: Thread started: Registrando Usuários como estudantes 1-13
2025-11-19 15:58:06,360 INFO o.a.j.t.JMeterThread: Thread started: Registrando Usuários como estudantes 1-14
2025-11-19 15:58:06,378 INFO o.a.j.t.JMeterThread: Thread started: Registrando Usuários como estudantes 1-15
2025-11-19 15:58:06,402 INFO o.a.j.t.JMeterThread: Thread started: Registrando Usuários como estudantes 1-16
2025-11-19 15:58:06,420 INFO o.a.j.t.JMeterThread: Thread started: Registrando Usuários como estudantes 1-17
2025-11-19 15:58:06,441 INFO o.a.j.t.JMeterThread: Thread started: Registrando Usuários como estudantes 1-18
2025-11-19 15:58:06,455 INFO o.a.j.t.JMeterThread: Thread started: Registrando Usuários como estudantes 1-19
2025-11-19 15:58:06,475 INFO o.a.j.t.JMeterThread: Thread started: Registrando Usuários como estudantes 1-20
2025-11-19 15:58:06,496 INFO o.a.j.t.JMeterThread: Thread started: Registrando Usuários como estudantes 1-21
2025-11-19 15:58:06,514 INFO o.a.j.t.JMeterThread: Thread started: Registrando Usuários como estudantes 1-22
2025-11-19 15:58:06,532 INFO o.a.j.t.JMeterThread: Thread started: Registrando Usuários como estudantes 1-23
2025-11-19 15:58:06,559 INFO o.a.j.t.JMeterThread: Thread started: Registrando Usuários como estudantes 1-24
2025-11-19 15:58:06,576 INFO o.a.j.t.JMeterThread: Thread started: Registrando Usuários como estudantes 1-26
2025-11-19 15:58:06,580 INFO o.a.j.t.JMeterThread: Thread started: Registrando Usuários como estudantes 1-25
2025-11-19 15:58:06,603 INFO o.a.j.t.JMeterThread: Thread started: Registrando Usuários como estudantes 1-27
2025-11-19 15:58:06,620 INFO o.a.j.t.JMeterThread: Thread started: Registrando Usuários como estudantes 1-28
2025-11-19 15:58:06,643 INFO o.a.j.t.JMeterThread: Thread started: Registrando Usuários como estudantes 1-29
2025-11-19 15:58:06,667 INFO o.a.j.t.JMeterThread: Thread started: Registrando Usuários como estudantes 1-30
2025-11-19 15:58:06,682 INFO o.a.j.t.JMeterThread: Thread started: Registrando Usuários como estudantes 1-31
2025-11-19 15:58:06,705 INFO o.a.j.t.JMeterThread: Thread started: Registrando Usuários como estudantes 1-32
2025-11-19 15:58:06,716 INFO o.a.j.t.JMeterThread: Thread started: Registrando Usuários como estudantes 1-33
2025-11-19 15:58:06,747 INFO o.a.j.t.JMeterThread: Thread started: Registrando Usuários como estudantes 1-34
2025-11-19 15:58:06,763 INFO o.a.j.t.JMeterThread: Thread started: Registrando Usuários como estudantes 1-35
2025-11-19 15:58:06,778 INFO o.a.j.t.JMeterThread: Thread started: Registrando Usuários como estudantes 1-36
2025-11-19 15:58:06,798 INFO o.a.j.t.JMeterThread: Thread started: Registrando Usuários como estudantes 1-37
2025-11-19 15:58:06,804 INFO o.a.j.t.JMeterThread: Thread is done: Registrando Usuários como estudantes 1-34
2025-11-19 15:58:06,804 INFO o.a.j.t.JMeterThread: Thread is done: Registrando Usuários como estudantes 1-31
2025-11-19 15:58:06,804 INFO o.a.j.t.JMeterThread: Thread is done: Registrando Usuários como estudantes 1-29
2025-11-19 15:58:06,804 INFO o.a.j.t.JMeterThread: Thread finished: Registrando Usuários como estudantes 1-31
2025-11-19 15:58:06,804 INFO o.a.j.t.JMeterThread: Thread is done: Registrando Usuários como estudantes 1-25
2025-11-19 15:58:06,804 INFO o.a.j.t.JMeterThread: Thread finished: Registrando Usuários como estudantes 1-25
2025-11-19 15:58:06,804 INFO o.a.j.t.JMeterThread: Thread finished: Registrando Usuários como estudantes 1-29
2025-11-19 15:58:06,804 INFO o.a.j.t.JMeterThread: Thread finished: Registrando Usuários como estudantes 1-34
2025-11-19 15:58:06,804 INFO o.a.j.t.JMeterThread: Thread is done: Registrando Usuários como estudantes 1-2
2025-11-19 15:58:06,805 INFO o.a.j.t.JMeterThread: Thread finished: Registrando Usuários como estudantes 1-2
2025-11-19 15:58:06,805 INFO o.a.j.t.JMeterThread: Thread is done: Registrando Usuários como estudantes 1-8
2025-11-19 15:58:06,805 INFO o.a.j.t.JMeterThread: Thread finished: Registrando Usuários como estudantes 1-8
2025-11-19 15:58:06,805 INFO o.a.j.t.JMeterThread: Thread is done: Registrando Usuários como estudantes 1-4
2025-11-19 15:58:06,805 INFO o.a.j.t.JMeterThread: Thread finished: Registrando Usuários como estudantes 1-4
2025-11-19 15:58:06,806 INFO o.a.j.t.JMeterThread: Thread is done: Registrando Usuários como estudantes 1-32
2025-11-19 15:58:06,806 INFO o.a.j.t.JMeterThread: Thread is done: Registrando Usuários como estudantes 1-28
2025-11-19 15:58:06,806 INFO o.a.j.t.JMeterThread: Thread finished: Registrando Usuários como estudantes 1-32
2025-11-19 15:58:06,806 INFO o.a.j.t.JMeterThread: Thread finished: Registrando Usuários como estudantes 1-28
2025-11-19 15:58:06,806 INFO o.a.j.t.JMeterThread: Thread is done: Registrando Usuários como estudantes 1-30
2025-11-19 15:58:06,806 INFO o.a.j.t.JMeterThread: Thread finished: Registrando Usuários como estudantes 1-30
2025-11-19 15:58:06,809 INFO o.a.j.t.JMeterThread: Thread is done: Registrando Usuários como estudantes 1-14
2025-11-19 15:58:06,809 INFO o.a.j.t.JMeterThread: Thread finished: Registrando Usuários como estudantes 1-14
2025-11-19 15:58:06,810 INFO o.a.j.t.JMeterThread: Thread is done: Registrando Usuários como estudantes 1-35
2025-11-19 15:58:06,810 INFO o.a.j.t.JMeterThread: Thread finished: Registrando Usuários como estudantes 1-35
2025-11-19 15:58:06,811 INFO o.a.j.t.JMeterThread: Thread is done: Registrando Usuários como estudantes 1-9
2025-11-19 15:58:06,811 INFO o.a.j.t.JMeterThread: Thread finished: Registrando Usuários como estudantes 1-9
2025-11-19 15:58:06,812 INFO o.a.j.t.JMeterThread: Thread is done: Registrando Usuários como estudantes 1-10
2025-11-19 15:58:06,812 INFO o.a.j.t.JMeterThread: Thread finished: Registrando Usuários como estudantes 1-10
2025-11-19 15:58:06,813 INFO o.a.j.t.JMeterThread: Thread is done: Registrando Usuários como estudantes 1-11
2025-11-19 15:58:06,813 INFO o.a.j.t.JMeterThread: Thread finished: Registrando Usuários como estudantes 1-11
2025-11-19 15:58:06,814 INFO o.a.j.t.JMeterThread: Thread is done: Registrando Usuários como estudantes 1-24
2025-11-19 15:58:06,814 INFO o.a.j.t.JMeterThread: Thread finished: Registrando Usuários como estudantes 1-24
2025-11-19 15:58:06,813 INFO o.a.j.t.JMeterThread: Thread is done: Registrando Usuários como estudantes 1-37
2025-11-19 15:58:06,815 INFO o.a.j.t.JMeterThread: Thread finished: Registrando Usuários como estudantes 1-37
2025-11-19 15:58:06,815 INFO o.a.j.t.JMeterThread: Thread is done: Registrando Usuários como estudantes 1-6
2025-11-19 15:58:06,815 INFO o.a.j.t.JMeterThread: Thread finished: Registrando Usuários como estudantes 1-6
2025-11-19 15:58:06,815 INFO o.a.j.t.JMeterThread: Thread is done: Registrando Usuários como estudantes 1-13
2025-11-19 15:58:06,816 INFO o.a.j.t.JMeterThread: Thread finished: Registrando Usuários como estudantes 1-13
2025-11-19 15:58:06,816 INFO o.a.j.t.JMeterThread: Thread is done: Registrando Usuários como estudantes 1-1
2025-11-19 15:58:06,816 INFO o.a.j.t.JMeterThread: Thread finished: Registrando Usuários como estudantes 1-1
2025-11-19 15:58:06,814 INFO o.a.j.t.JMeterThread: Thread is done: Registrando Usuários como estudantes 1-15
2025-11-19 15:58:06,814 INFO o.a.j.t.JMeterThread: Thread is done: Registrando Usuários como estudantes 1-33
2025-11-19 15:58:06,817 INFO o.a.j.t.JMeterThread: Thread finished: Registrando Usuários como estudantes 1-33
2025-11-19 15:58:06,818 INFO o.a.j.t.JMeterThread: Thread finished: Registrando Usuários como estudantes 1-15
2025-11-19 15:58:06,820 INFO o.a.j.t.JMeterThread: Thread is done: Registrando Usuários como estudantes 1-26
2025-11-19 15:58:06,820 INFO o.a.j.t.JMeterThread: Thread is done: Registrando Usuários como estudantes 1-20
2025-11-19 15:58:06,820 INFO o.a.j.t.JMeterThread: Thread is done: Registrando Usuários como estudantes 1-27
2025-11-19 15:58:06,820 INFO o.a.j.t.JMeterThread: Thread finished: Registrando Usuários como estudantes 1-26
2025-11-19 15:58:06,821 INFO o.a.j.t.JMeterThread: Thread finished: Registrando Usuários como estudantes 1-27
2025-11-19 15:58:06,821 INFO o.a.j.t.JMeterThread: Thread is done: Registrando Usuários como estudantes 1-5
2025-11-19 15:58:06,821 INFO o.a.j.t.JMeterThread: Thread finished: Registrando Usuários como estudantes 1-5
2025-11-19 15:58:06,822 INFO o.a.j.t.JMeterThread: Thread is done: Registrando Usuários como estudantes 1-22
2025-11-19 15:58:06,822 INFO o.a.j.t.JMeterThread: Thread finished: Registrando Usuários como estudantes 1-22
2025-11-19 15:58:06,822 INFO o.a.j.t.JMeterThread: Thread is done: Registrando Usuários como estudantes 1-36
2025-11-19 15:58:06,822 INFO o.a.j.t.JMeterThread: Thread finished: Registrando Usuários como estudantes 1-36
2025-11-19 15:58:06,822 INFO o.a.j.t.JMeterThread: Thread is done: Registrando Usuários como estudantes 1-19
2025-11-19 15:58:06,823 INFO o.a.j.t.JMeterThread: Thread finished: Registrando Usuários como estudantes 1-19
2025-11-19 15:58:06,823 INFO o.a.j.t.JMeterThread: Thread finished: Registrando Usuários como estudantes 1-20
2025-11-19 15:58:06,823 INFO o.a.j.t.JMeterThread: Thread is done: Registrando Usuários como estudantes 1-7
2025-11-19 15:58:06,824 INFO o.a.j.t.JMeterThread: Thread finished: Registrando Usuários como estudantes 1-7
2025-11-19 15:58:06,824 INFO o.a.j.t.JMeterThread: Thread is done: Registrando Usuários como estudantes 1-17
2025-11-19 15:58:06,824 INFO o.a.j.t.JMeterThread: Thread finished: Registrando Usuários como estudantes 1-17
2025-11-19 15:58:06,825 INFO o.a.j.t.JMeterThread: Thread started: Registrando Usuários como estudantes 1-38
2025-11-19 15:58:06,826 INFO o.a.j.t.JMeterThread: Thread is done: Registrando Usuários como estudantes 1-16
2025-11-19 15:58:06,826 INFO o.a.j.t.JMeterThread: Thread finished: Registrando Usuários como estudantes 1-16
2025-11-19 15:58:06,827 INFO o.a.j.t.JMeterThread: Thread is done: Registrando Usuários como estudantes 1-23
2025-11-19 15:58:06,827 INFO o.a.j.t.JMeterThread: Thread finished: Registrando Usuários como estudantes 1-23
2025-11-19 15:58:06,828 INFO o.a.j.t.JMeterThread: Thread is done: Registrando Usuários como estudantes 1-18
2025-11-19 15:58:06,828 INFO o.a.j.t.JMeterThread: Thread finished: Registrando Usuários como estudantes 1-18
2025-11-19 15:58:06,834 INFO o.a.j.t.JMeterThread: Thread is done: Registrando Usuários como estudantes 1-38
2025-11-19 15:58:06,834 INFO o.a.j.t.JMeterThread: Thread finished: Registrando Usuários como estudantes 1-38
2025-11-19 15:58:06,835 INFO o.a.j.t.JMeterThread: Thread is done: Registrando Usuários como estudantes 1-21
2025-11-19 15:58:06,835 INFO o.a.j.t.JMeterThread: Thread finished: Registrando Usuários como estudantes 1-21
2025-11-19 15:58:06,835 INFO o.a.j.t.JMeterThread: Thread is done: Registrando Usuários como estudantes 1-12
2025-11-19 15:58:06,836 INFO o.a.j.t.JMeterThread: Thread finished: Registrando Usuários como estudantes 1-12
2025-11-19 15:58:06,838 INFO o.a.j.t.JMeterThread: Thread is done: Registrando Usuários como estudantes 1-3
2025-11-19 15:58:06,838 INFO o.a.j.t.JMeterThread: Thread finished: Registrando Usuários como estudantes 1-3
2025-11-19 15:58:06,840 INFO o.a.j.t.JMeterThread: Thread started: Registrando Usuários como estudantes 1-39
2025-11-19 15:58:06,844 INFO o.a.j.t.JMeterThread: Thread is done: Registrando Usuários como estudantes 1-39
2025-11-19 15:58:06,844 INFO o.a.j.t.JMeterThread: Thread finished: Registrando Usuários como estudantes 1-39
2025-11-19 15:58:06,856 INFO o.a.j.t.JMeterThread: Thread started: Registrando Usuários como estudantes 1-40
2025-11-19 15:58:06,860 INFO o.a.j.t.JMeterThread: Thread is done: Registrando Usuários como estudantes 1-40
2025-11-19 15:58:06,860 INFO o.a.j.t.JMeterThread: Thread finished: Registrando Usuários como estudantes 1-40
2025-11-19 15:58:06,881 INFO o.a.j.t.JMeterThread: Thread started: Registrando Usuários como estudantes 1-41
2025-11-19 15:58:06,885 INFO o.a.j.t.JMeterThread: Thread is done: Registrando Usuários como estudantes 1-41
2025-11-19 15:58:06,885 INFO o.a.j.t.JMeterThread: Thread finished: Registrando Usuários como estudantes 1-41
2025-11-19 15:58:06,904 INFO o.a.j.t.JMeterThread: Thread started: Registrando Usuários como estudantes 1-43
2025-11-19 15:58:06,905 INFO o.a.j.t.JMeterThread: Thread started: Registrando Usuários como estudantes 1-42
2025-11-19 15:58:06,909 INFO o.a.j.t.JMeterThread: Thread is done: Registrando Usuários como estudantes 1-43
2025-11-19 15:58:06,909 INFO o.a.j.t.JMeterThread: Thread finished: Registrando Usuários como estudantes 1-43
2025-11-19 15:58:06,911 INFO o.a.j.t.JMeterThread: Thread is done: Registrando Usuários como estudantes 1-42
2025-11-19 15:58:06,911 INFO o.a.j.t.JMeterThread: Thread finished: Registrando Usuários como estudantes 1-42
2025-11-19 15:58:06,924 INFO o.a.j.t.JMeterThread: Thread started: Registrando Usuários como estudantes 1-44
2025-11-19 15:58:06,928 INFO o.a.j.t.JMeterThread: Thread is done: Registrando Usuários como estudantes 1-44
2025-11-19 15:58:06,928 INFO o.a.j.t.JMeterThread: Thread finished: Registrando Usuários como estudantes 1-44
2025-11-19 15:58:06,947 INFO o.a.j.t.JMeterThread: Thread started: Registrando Usuários como estudantes 1-45
2025-11-19 15:58:06,951 INFO o.a.j.t.JMeterThread: Thread is done: Registrando Usuários como estudantes 1-45
2025-11-19 15:58:06,951 INFO o.a.j.t.JMeterThread: Thread finished: Registrando Usuários como estudantes 1-45
2025-11-19 15:58:06,961 INFO o.a.j.t.JMeterThread: Thread started: Registrando Usuários como estudantes 1-46
2025-11-19 15:58:06,965 INFO o.a.j.t.JMeterThread: Thread is done: Registrando Usuários como estudantes 1-46
2025-11-19 15:58:06,965 INFO o.a.j.t.JMeterThread: Thread finished: Registrando Usuários como estudantes 1-46
2025-11-19 15:58:06,989 INFO o.a.j.t.JMeterThread: Thread started: Registrando Usuários como estudantes 1-47
2025-11-19 15:58:06,994 INFO o.a.j.t.JMeterThread: Thread is done: Registrando Usuários como estudantes 1-47
2025-11-19 15:58:06,994 INFO o.a.j.t.JMeterThread: Thread finished: Registrando Usuários como estudantes 1-47
2025-11-19 15:58:07,006 INFO o.a.j.t.JMeterThread: Thread started: Registrando Usuários como estudantes 1-48
2025-11-19 15:58:07,010 INFO o.a.j.t.JMeterThread: Thread is done: Registrando Usuários como estudantes 1-48
2025-11-19 15:58:07,010 INFO o.a.j.t.JMeterThread: Thread finished: Registrando Usuários como estudantes 1-48
2025-11-19 15:58:07,021 INFO o.a.j.t.JMeterThread: Thread started: Registrando Usuários como estudantes 1-49
2025-11-19 15:58:07,024 INFO o.a.j.t.JMeterThread: Thread is done: Registrando Usuários como estudantes 1-49
2025-11-19 15:58:07,024 INFO o.a.j.t.JMeterThread: Thread finished: Registrando Usuários como estudantes 1-49
2025-11-19 15:58:07,043 INFO o.a.j.t.JMeterThread: Thread started: Registrando Usuários como estudantes 1-50
2025-11-19 15:58:07,043 INFO o.a.j.t.JMeterThread: Thread is done: Registrando Usuários como estudantes 1-50
2025-11-19 15:58:07,043 INFO o.a.j.t.JMeterThread: Thread finished: Registrando Usuários como estudantes 1-50
2025-11-19 15:58:07,043 INFO o.a.j.e.StandardJMeterEngine: Notifying test listeners of end of test
2025-11-19 15:58:07,043 INFO o.a.j.s.FileServer: Close: D:/Users/Nataliaado/Documents/projetos-automacao/ppp-turma2/tests/jmeter/test-data/students.csv@1278839936
2025-11-19 15:58:07,043 INFO o.a.j.r.Summariser: summary =     50 in 00:00:01 =   40.2/s Avg:   195 Min:     2 Max:   443 Err:     0 (0.00%)
